#! /usr/bin/vvp
:ivl_version "11.0 (stable)";
:ivl_delay_selection "TYPICAL";
:vpi_time_precision + 0;
:vpi_module "/usr/lib/x86_64-linux-gnu/ivl/system.vpi";
:vpi_module "/usr/lib/x86_64-linux-gnu/ivl/vhdl_sys.vpi";
:vpi_module "/usr/lib/x86_64-linux-gnu/ivl/vhdl_textio.vpi";
:vpi_module "/usr/lib/x86_64-linux-gnu/ivl/v2005_math.vpi";
:vpi_module "/usr/lib/x86_64-linux-gnu/ivl/va_math.vpi";
S_0x63209e4b9cf0 .scope module, "sequence_detector" "sequence_detector" 2 1;
 .timescale 0 0;
    .port_info 0 /INPUT 1 "clk";
    .port_info 1 /INPUT 1 "reset";
    .port_info 2 /INPUT 1 "in_bit";
    .port_info 3 /OUTPUT 1 "seq_detected";
P_0x63209e4b9e80 .param/l "S0" 0 2 8, C4<000>;
P_0x63209e4b9ec0 .param/l "S1" 0 2 9, C4<001>;
P_0x63209e4b9f00 .param/l "S2" 0 2 10, C4<010>;
P_0x63209e4b9f40 .param/l "S3" 0 2 11, C4<011>;
P_0x63209e4b9f80 .param/l "S4" 0 2 12, C4<100>;
P_0x63209e4b9fc0 .param/l "S5" 0 2 13, C4<101>;
P_0x63209e4ba000 .param/l "S6" 0 2 14, C4<110>;
P_0x63209e4ba040 .param/l "S7" 0 2 15, C4<111>;
o0x7fe921b7f018 .functor BUFZ 1, C4<z>; HiZ drive
v0x63209e4f3960_0 .net "clk", 0 0, o0x7fe921b7f018;  0 drivers
v0x63209e4f3550_0 .var "current_state", 2 0;
o0x7fe921b7f078 .functor BUFZ 1, C4<z>; HiZ drive
v0x63209e509f00_0 .net "in_bit", 0 0, o0x7fe921b7f078;  0 drivers
v0x63209e509fa0_0 .var "next_state", 2 0;
o0x7fe921b7f0d8 .functor BUFZ 1, C4<z>; HiZ drive
v0x63209e50a080_0 .net "reset", 0 0, o0x7fe921b7f0d8;  0 drivers
v0x63209e50a190_0 .var "seq_detected", 0 0;
E_0x63209e4f3b40 .event edge, v0x63209e4f3550_0;
E_0x63209e4ba560 .event edge, v0x63209e50a080_0, v0x63209e4f3550_0, v0x63209e509f00_0;
E_0x63209e4f2ac0 .event posedge, v0x63209e50a080_0, v0x63209e4f3960_0;
    .scope S_0x63209e4b9cf0;
T_0 ;
    %pushi/vec4 0, 0, 3;
    %store/vec4 v0x63209e4f3550_0, 0, 3;
    %pushi/vec4 0, 0, 3;
    %store/vec4 v0x63209e509fa0_0, 0, 3;
    %end;
    .thread T_0;
    .scope S_0x63209e4b9cf0;
T_1 ;
    %wait E_0x63209e4f2ac0;
    %load/vec4 v0x63209e509fa0_0;
    %assign/vec4 v0x63209e4f3550_0, 0;
    %jmp T_1;
    .thread T_1;
    .scope S_0x63209e4b9cf0;
T_2 ;
    %wait E_0x63209e4ba560;
    %load/vec4 v0x63209e50a080_0;
    %pad/u 32;
    %cmpi/e 1, 0, 32;
    %jmp/0xz  T_2.0, 4;
    %pushi/vec4 0, 0, 3;
    %store/vec4 v0x63209e509fa0_0, 0, 3;
    %jmp T_2.1;
T_2.0 ;
    %load/vec4 v0x63209e4f3550_0;
    %dup/vec4;
    %pushi/vec4 0, 0, 3;
    %cmp/u;
    %jmp/1 T_2.2, 6;
    %dup/vec4;
    %pushi/vec4 1, 0, 3;
    %cmp/u;
    %jmp/1 T_2.3, 6;
    %dup/vec4;
    %pushi/vec4 2, 0, 3;
    %cmp/u;
    %jmp/1 T_2.4, 6;
    %dup/vec4;
    %pushi/vec4 3, 0, 3;
    %cmp/u;
    %jmp/1 T_2.5, 6;
    %dup/vec4;
    %pushi/vec4 4, 0, 3;
    %cmp/u;
    %jmp/1 T_2.6, 6;
    %dup/vec4;
    %pushi/vec4 5, 0, 3;
    %cmp/u;
    %jmp/1 T_2.7, 6;
    %dup/vec4;
    %pushi/vec4 6, 0, 3;
    %cmp/u;
    %jmp/1 T_2.8, 6;
    %dup/vec4;
    %pushi/vec4 7, 0, 3;
    %cmp/u;
    %jmp/1 T_2.9, 6;
    %pushi/vec4 0, 0, 3;
    %store/vec4 v0x63209e509fa0_0, 0, 3;
    %jmp T_2.11;
T_2.2 ;
    %load/vec4 v0x63209e509f00_0;
    %pad/u 32;
    %cmpi/e 0, 0, 32;
    %flag_mov 8, 4;
    %jmp/0 T_2.12, 8;
    %pushi/vec4 1, 0, 3;
    %jmp/1 T_2.13, 8;
T_2.12 ; End of true expr.
    %pushi/vec4 0, 0, 3;
    %jmp/0 T_2.13, 8;
 ; End of false expr.
    %blend;
T_2.13;
    %store/vec4 v0x63209e509fa0_0, 0, 3;
    %jmp T_2.11;
T_2.3 ;
    %load/vec4 v0x63209e509f00_0;
    %pad/u 32;
    %cmpi/e 1, 0, 32;
    %flag_mov 8, 4;
    %jmp/0 T_2.14, 8;
    %pushi/vec4 2, 0, 3;
    %jmp/1 T_2.15, 8;
T_2.14 ; End of true expr.
    %pushi/vec4 1, 0, 3;
    %jmp/0 T_2.15, 8;
 ; End of false expr.
    %blend;
T_2.15;
    %store/vec4 v0x63209e509fa0_0, 0, 3;
    %jmp T_2.11;
T_2.4 ;
    %load/vec4 v0x63209e509f00_0;
    %pad/u 32;
    %cmpi/e 1, 0, 32;
    %flag_mov 8, 4;
    %jmp/0 T_2.16, 8;
    %pushi/vec4 3, 0, 3;
    %jmp/1 T_2.17, 8;
T_2.16 ; End of true expr.
    %pushi/vec4 1, 0, 3;
    %jmp/0 T_2.17, 8;
 ; End of false expr.
    %blend;
T_2.17;
    %store/vec4 v0x63209e509fa0_0, 0, 3;
    %jmp T_2.11;
T_2.5 ;
    %load/vec4 v0x63209e509f00_0;
    %pad/u 32;
    %cmpi/e 0, 0, 32;
    %flag_mov 8, 4;
    %jmp/0 T_2.18, 8;
    %pushi/vec4 4, 0, 3;
    %jmp/1 T_2.19, 8;
T_2.18 ; End of true expr.
    %pushi/vec4 0, 0, 3;
    %jmp/0 T_2.19, 8;
 ; End of false expr.
    %blend;
T_2.19;
    %store/vec4 v0x63209e509fa0_0, 0, 3;
    %jmp T_2.11;
T_2.6 ;
    %load/vec4 v0x63209e509f00_0;
    %pad/u 32;
    %cmpi/e 1, 0, 32;
    %flag_mov 8, 4;
    %jmp/0 T_2.20, 8;
    %pushi/vec4 5, 0, 3;
    %jmp/1 T_2.21, 8;
T_2.20 ; End of true expr.
    %pushi/vec4 1, 0, 3;
    %jmp/0 T_2.21, 8;
 ; End of false expr.
    %blend;
T_2.21;
    %store/vec4 v0x63209e509fa0_0, 0, 3;
    %jmp T_2.11;
T_2.7 ;
    %load/vec4 v0x63209e509f00_0;
    %pad/u 32;
    %cmpi/e 1, 0, 32;
    %flag_mov 8, 4;
    %jmp/0 T_2.22, 8;
    %pushi/vec4 6, 0, 3;
    %jmp/1 T_2.23, 8;
T_2.22 ; End of true expr.
    %pushi/vec4 1, 0, 3;
    %jmp/0 T_2.23, 8;
 ; End of false expr.
    %blend;
T_2.23;
    %store/vec4 v0x63209e509fa0_0, 0, 3;
    %jmp T_2.11;
T_2.8 ;
    %load/vec4 v0x63209e509f00_0;
    %pad/u 32;
    %cmpi/e 0, 0, 32;
    %flag_mov 8, 4;
    %jmp/0 T_2.24, 8;
    %pushi/vec4 7, 0, 3;
    %jmp/1 T_2.25, 8;
T_2.24 ; End of true expr.
    %pushi/vec4 0, 0, 3;
    %jmp/0 T_2.25, 8;
 ; End of false expr.
    %blend;
T_2.25;
    %store/vec4 v0x63209e509fa0_0, 0, 3;
    %jmp T_2.11;
T_2.9 ;
    %load/vec4 v0x63209e509f00_0;
    %pad/u 32;
    %cmpi/e 0, 0, 32;
    %flag_mov 8, 4;
    %jmp/0 T_2.26, 8;
    %pushi/vec4 1, 0, 3;
    %jmp/1 T_2.27, 8;
T_2.26 ; End of true expr.
    %pushi/vec4 5, 0, 3;
    %jmp/0 T_2.27, 8;
 ; End of false expr.
    %blend;
T_2.27;
    %store/vec4 v0x63209e509fa0_0, 0, 3;
    %jmp T_2.11;
T_2.11 ;
    %pop/vec4 1;
T_2.1 ;
    %jmp T_2;
    .thread T_2, $push;
    .scope S_0x63209e4b9cf0;
T_3 ;
    %wait E_0x63209e4f3b40;
    %load/vec4 v0x63209e4f3550_0;
    %pushi/vec4 7, 0, 3;
    %cmp/e;
    %flag_get/vec4 4;
    %store/vec4 v0x63209e50a190_0, 0, 1;
    %jmp T_3;
    .thread T_3, $push;
# The file index is used to find the file name in the following table.
:file_names 3;
    "N/A";
    "<interactive>";
    "Foroutan.Nazanin.402243084.problem5.module.v";
