#! /usr/bin/vvp
:ivl_version "11.0 (stable)";
:ivl_delay_selection "TYPICAL";
:vpi_time_precision + 0;
:vpi_module "/usr/lib/x86_64-linux-gnu/ivl/system.vpi";
:vpi_module "/usr/lib/x86_64-linux-gnu/ivl/vhdl_sys.vpi";
:vpi_module "/usr/lib/x86_64-linux-gnu/ivl/vhdl_textio.vpi";
:vpi_module "/usr/lib/x86_64-linux-gnu/ivl/v2005_math.vpi";
:vpi_module "/usr/lib/x86_64-linux-gnu/ivl/va_math.vpi";
S_0x5b7384d7a750 .scope module, "ALU" "ALU" 2 1;
 .timescale 0 0;
    .port_info 0 /INPUT 6 "A";
    .port_info 1 /INPUT 6 "B";
    .port_info 2 /INPUT 2 "op_code";
    .port_info 3 /OUTPUT 6 "out";
o0x7b6d3359f018 .functor BUFZ 6, C4<zzzzzz>; HiZ drive
v0x5b7384d962c0_0 .net "A", 5 0, o0x7b6d3359f018;  0 drivers
o0x7b6d3359f048 .functor BUFZ 6, C4<zzzzzz>; HiZ drive
v0x5b7384d96380_0 .net "B", 5 0, o0x7b6d3359f048;  0 drivers
v0x5b7384d964d0_0 .net *"_ivl_1", 0 0, L_0x5b7384da8850;  1 drivers
v0x5b7384d96590_0 .net *"_ivl_3", 0 0, L_0x5b7384da88f0;  1 drivers
v0x5b7384d96670_0 .net *"_ivl_4", 5 0, L_0x5b7384da89e0;  1 drivers
v0x5b7384d96750_0 .net *"_ivl_7", 0 0, L_0x5b7384da8ad0;  1 drivers
v0x5b7384d96830_0 .net *"_ivl_8", 5 0, L_0x5b7384da8b70;  1 drivers
o0x7b6d3359f918 .functor BUFZ 2, C4<zz>; HiZ drive
v0x5b7384d96910_0 .net "op_code", 1 0, o0x7b6d3359f918;  0 drivers
v0x5b7384d969f0_0 .net "out", 5 0, L_0x5b7384da8c60;  1 drivers
v0x5b7384d96b60_0 .net "res0", 5 0, L_0x5b7384d97360;  1 drivers
v0x5b7384d96c20_0 .net "res1", 5 0, L_0x5b7384d97650;  1 drivers
v0x5b7384d96cf0_0 .net "res2", 5 0, L_0x5b7384d97790;  1 drivers
v0x5b7384d96dc0_0 .net "res3", 5 0, L_0x5b7384da86c0;  1 drivers
L_0x5b7384da8850 .part o0x7b6d3359f918, 1, 1;
L_0x5b7384da88f0 .part o0x7b6d3359f918, 0, 1;
L_0x5b7384da89e0 .functor MUXZ 6, L_0x5b7384d97790, L_0x5b7384da86c0, L_0x5b7384da88f0, C4<>;
L_0x5b7384da8ad0 .part o0x7b6d3359f918, 0, 1;
L_0x5b7384da8b70 .functor MUXZ 6, L_0x5b7384d97360, L_0x5b7384d97650, L_0x5b7384da8ad0, C4<>;
L_0x5b7384da8c60 .functor MUXZ 6, L_0x5b7384da8b70, L_0x5b7384da89e0, L_0x5b7384da8850, C4<>;
S_0x5b7384d7a8e0 .scope module, "one" "add" 2 4, 2 19 0, S_0x5b7384d7a750;
 .timescale 0 0;
    .port_info 0 /INPUT 6 "A";
    .port_info 1 /INPUT 6 "B";
    .port_info 2 /OUTPUT 6 "res";
v0x5b7384d782f0_0 .net "A", 5 0, o0x7b6d3359f018;  alias, 0 drivers
v0x5b7384d93a10_0 .net "B", 5 0, o0x7b6d3359f048;  alias, 0 drivers
L_0x7b6d335560a8 .functor BUFT 1, C4<000011>, C4<0>, C4<0>, C4<0>;
v0x5b7384d93af0_0 .net/2u *"_ivl_0", 5 0, L_0x7b6d335560a8;  1 drivers
v0x5b7384d93bb0_0 .net *"_ivl_3", 5 0, L_0x5b7384d97560;  1 drivers
v0x5b7384d93c90_0 .net "res", 5 0, L_0x5b7384d97650;  alias, 1 drivers
L_0x5b7384d97560 .arith/mult 6, o0x7b6d3359f048, L_0x7b6d335560a8;
L_0x5b7384d97650 .arith/sum 6, o0x7b6d3359f018, L_0x5b7384d97560;
S_0x5b7384d93e40 .scope module, "three" "abs" 2 6, 2 29 0, S_0x5b7384d7a750;
 .timescale 0 0;
    .port_info 0 /INPUT 6 "A";
    .port_info 1 /INPUT 6 "B";
    .port_info 2 /OUTPUT 6 "res";
v0x5b7384d94070_0 .net "A", 5 0, o0x7b6d3359f018;  alias, 0 drivers
v0x5b7384d94150_0 .net "B", 5 0, o0x7b6d3359f048;  alias, 0 drivers
v0x5b7384d941f0_0 .net *"_ivl_0", 31 0, L_0x5b7384d978d0;  1 drivers
L_0x7b6d335561c8 .functor BUFT 1, C4<00000000000000000000000000>, C4<0>, C4<0>, C4<0>;
v0x5b7384d94290_0 .net *"_ivl_11", 25 0, L_0x7b6d335561c8;  1 drivers
v0x5b7384d94370_0 .net *"_ivl_12", 31 0, L_0x5b7384da7d60;  1 drivers
L_0x7b6d33556210 .functor BUFT 1, C4<00000000000000000000000000000000>, C4<0>, C4<0>, C4<0>;
v0x5b7384d944a0_0 .net/2u *"_ivl_14", 31 0, L_0x7b6d33556210;  1 drivers
v0x5b7384d94580_0 .net *"_ivl_16", 0 0, L_0x5b7384da7ed0;  1 drivers
L_0x7b6d33556258 .functor BUFT 1, C4<000010>, C4<0>, C4<0>, C4<0>;
v0x5b7384d94640_0 .net/2u *"_ivl_18", 5 0, L_0x7b6d33556258;  1 drivers
v0x5b7384d94720_0 .net *"_ivl_21", 5 0, L_0x5b7384da8010;  1 drivers
v0x5b7384d94800_0 .net *"_ivl_22", 5 0, L_0x5b7384da80f0;  1 drivers
L_0x7b6d335562a0 .functor BUFT 1, C4<000010>, C4<0>, C4<0>, C4<0>;
v0x5b7384d948e0_0 .net/2u *"_ivl_24", 5 0, L_0x7b6d335562a0;  1 drivers
v0x5b7384d949c0_0 .net *"_ivl_27", 5 0, L_0x5b7384da81e0;  1 drivers
v0x5b7384d94aa0_0 .net *"_ivl_28", 5 0, L_0x5b7384da8430;  1 drivers
L_0x7b6d33556138 .functor BUFT 1, C4<00000000000000000000000000>, C4<0>, C4<0>, C4<0>;
v0x5b7384d94b80_0 .net *"_ivl_3", 25 0, L_0x7b6d33556138;  1 drivers
L_0x7b6d335562e8 .functor BUFT 1, C4<000000>, C4<0>, C4<0>, C4<0>;
v0x5b7384d94c60_0 .net *"_ivl_30", 5 0, L_0x7b6d335562e8;  1 drivers
v0x5b7384d94d40_0 .net *"_ivl_33", 5 0, L_0x5b7384da8520;  1 drivers
L_0x7b6d33556180 .functor BUFT 1, C4<00000000000000000000000000000010>, C4<0>, C4<0>, C4<0>;
v0x5b7384d94e20_0 .net/2u *"_ivl_4", 31 0, L_0x7b6d33556180;  1 drivers
v0x5b7384d95010_0 .net *"_ivl_7", 31 0, L_0x5b7384da7a20;  1 drivers
v0x5b7384d950f0_0 .net *"_ivl_8", 31 0, L_0x5b7384da7b60;  1 drivers
v0x5b7384d951d0_0 .net "res", 5 0, L_0x5b7384da86c0;  alias, 1 drivers
L_0x5b7384d978d0 .concat [ 6 26 0 0], o0x7b6d3359f018, L_0x7b6d33556138;
L_0x5b7384da7a20 .arith/mult 32, L_0x5b7384d978d0, L_0x7b6d33556180;
L_0x5b7384da7b60 .concat [ 6 26 0 0], o0x7b6d3359f048, L_0x7b6d335561c8;
L_0x5b7384da7d60 .arith/sub 32, L_0x5b7384da7a20, L_0x5b7384da7b60;
L_0x5b7384da7ed0 .cmp/gt 32, L_0x5b7384da7d60, L_0x7b6d33556210;
L_0x5b7384da8010 .arith/mult 6, o0x7b6d3359f018, L_0x7b6d33556258;
L_0x5b7384da80f0 .arith/sub 6, L_0x5b7384da8010, o0x7b6d3359f048;
L_0x5b7384da81e0 .arith/mult 6, o0x7b6d3359f018, L_0x7b6d335562a0;
L_0x5b7384da8430 .arith/sub 6, L_0x5b7384da81e0, o0x7b6d3359f048;
L_0x5b7384da8520 .arith/sub 6, L_0x7b6d335562e8, L_0x5b7384da8430;
L_0x5b7384da86c0 .functor MUXZ 6, L_0x5b7384da8520, L_0x5b7384da80f0, L_0x5b7384da7ed0, C4<>;
S_0x5b7384d95330 .scope module, "two" "neg" 2 5, 2 24 0, S_0x5b7384d7a750;
 .timescale 0 0;
    .port_info 0 /INPUT 6 "B";
    .port_info 1 /OUTPUT 6 "res";
v0x5b7384d954c0_0 .net "B", 5 0, o0x7b6d3359f048;  alias, 0 drivers
L_0x7b6d335560f0 .functor BUFT 1, C4<000000>, C4<0>, C4<0>, C4<0>;
v0x5b7384d955d0_0 .net *"_ivl_0", 5 0, L_0x7b6d335560f0;  1 drivers
v0x5b7384d956b0_0 .net "res", 5 0, L_0x5b7384d97790;  alias, 1 drivers
L_0x5b7384d97790 .arith/sub 6, L_0x7b6d335560f0, o0x7b6d3359f048;
S_0x5b7384d957d0 .scope module, "zero" "shift" 2 3, 2 14 0, S_0x5b7384d7a750;
 .timescale 0 0;
    .port_info 0 /INPUT 6 "A";
    .port_info 1 /INPUT 6 "B";
    .port_info 2 /OUTPUT 6 "res";
v0x5b7384d95a00_0 .net "A", 5 0, o0x7b6d3359f018;  alias, 0 drivers
v0x5b7384d95b30_0 .net "B", 5 0, o0x7b6d3359f048;  alias, 0 drivers
v0x5b7384d95bf0_0 .net *"_ivl_0", 5 0, L_0x5b7384d97080;  1 drivers
L_0x7b6d33556060 .functor BUFT 1, C4<0>, C4<0>, C4<0>, C4<0>;
v0x5b7384d95cb0_0 .net *"_ivl_10", 0 0, L_0x7b6d33556060;  1 drivers
v0x5b7384d95d90_0 .net *"_ivl_2", 3 0, L_0x5b7384d96f20;  1 drivers
L_0x7b6d33556018 .functor BUFT 1, C4<00>, C4<0>, C4<0>, C4<0>;
v0x5b7384d95ec0_0 .net *"_ivl_4", 1 0, L_0x7b6d33556018;  1 drivers
v0x5b7384d95fa0_0 .net *"_ivl_6", 5 0, L_0x5b7384d97210;  1 drivers
v0x5b7384d96080_0 .net *"_ivl_8", 4 0, L_0x5b7384d97170;  1 drivers
v0x5b7384d96160_0 .net "res", 5 0, L_0x5b7384d97360;  alias, 1 drivers
L_0x5b7384d96f20 .part o0x7b6d3359f018, 0, 4;
L_0x5b7384d97080 .concat [ 2 4 0 0], L_0x7b6d33556018, L_0x5b7384d96f20;
L_0x5b7384d97170 .part o0x7b6d3359f048, 1, 5;
L_0x5b7384d97210 .concat [ 5 1 0 0], L_0x5b7384d97170, L_0x7b6d33556060;
L_0x5b7384d97360 .arith/sum 6, L_0x5b7384d97080, L_0x5b7384d97210;
# The file index is used to find the file name in the following table.
:file_names 3;
    "N/A";
    "<interactive>";
    "Foroutan.Nazanin.402243084.problem2.module.v";
