#! /usr/bin/vvp
:ivl_version "11.0 (stable)";
:ivl_delay_selection "TYPICAL";
:vpi_time_precision + 0;
:vpi_module "/usr/lib/x86_64-linux-gnu/ivl/system.vpi";
:vpi_module "/usr/lib/x86_64-linux-gnu/ivl/vhdl_sys.vpi";
:vpi_module "/usr/lib/x86_64-linux-gnu/ivl/vhdl_textio.vpi";
:vpi_module "/usr/lib/x86_64-linux-gnu/ivl/v2005_math.vpi";
:vpi_module "/usr/lib/x86_64-linux-gnu/ivl/va_math.vpi";
S_0x64cf4ba9fdf0 .scope module, "odd_counter" "odd_counter" 2 1;
 .timescale 0 0;
    .port_info 0 /INPUT 1 "clk";
    .port_info 1 /OUTPUT 4 "count";
o0x70c38803e018 .functor BUFZ 1, C4<z>; HiZ drive
v0x64cf4baa17b0_0 .net "clk", 0 0, o0x70c38803e018;  0 drivers
v0x64cf4baa1ba0_0 .var "count", 3 0;
E_0x64cf4baa0780 .event posedge, v0x64cf4baa17b0_0;
    .scope S_0x64cf4ba9fdf0;
T_0 ;
    %pushi/vec4 1, 0, 4;
    %store/vec4 v0x64cf4baa1ba0_0, 0, 4;
    %end;
    .thread T_0;
    .scope S_0x64cf4ba9fdf0;
T_1 ;
    %wait E_0x64cf4baa0780;
    %load/vec4 v0x64cf4baa1ba0_0;
    %dup/vec4;
    %pushi/vec4 1, 0, 4;
    %cmp/u;
    %jmp/1 T_1.0, 6;
    %dup/vec4;
    %pushi/vec4 3, 0, 4;
    %cmp/u;
    %jmp/1 T_1.1, 6;
    %dup/vec4;
    %pushi/vec4 5, 0, 4;
    %cmp/u;
    %jmp/1 T_1.2, 6;
    %dup/vec4;
    %pushi/vec4 7, 0, 4;
    %cmp/u;
    %jmp/1 T_1.3, 6;
    %dup/vec4;
    %pushi/vec4 9, 0, 4;
    %cmp/u;
    %jmp/1 T_1.4, 6;
    %pushi/vec4 1, 0, 4;
    %assign/vec4 v0x64cf4baa1ba0_0, 0;
    %jmp T_1.6;
T_1.0 ;
    %pushi/vec4 3, 0, 4;
    %assign/vec4 v0x64cf4baa1ba0_0, 0;
    %jmp T_1.6;
T_1.1 ;
    %pushi/vec4 5, 0, 4;
    %assign/vec4 v0x64cf4baa1ba0_0, 0;
    %jmp T_1.6;
T_1.2 ;
    %pushi/vec4 7, 0, 4;
    %assign/vec4 v0x64cf4baa1ba0_0, 0;
    %jmp T_1.6;
T_1.3 ;
    %pushi/vec4 9, 0, 4;
    %assign/vec4 v0x64cf4baa1ba0_0, 0;
    %jmp T_1.6;
T_1.4 ;
    %pushi/vec4 1, 0, 4;
    %assign/vec4 v0x64cf4baa1ba0_0, 0;
    %jmp T_1.6;
T_1.6 ;
    %pop/vec4 1;
    %jmp T_1;
    .thread T_1;
# The file index is used to find the file name in the following table.
:file_names 3;
    "N/A";
    "<interactive>";
    "Foroutan.Nazanin.402243084.problem4.module.v";
