#! /usr/bin/vvp
:ivl_version "11.0 (stable)";
:ivl_delay_selection "TYPICAL";
:vpi_time_precision + 0;
:vpi_module "/usr/lib/x86_64-linux-gnu/ivl/system.vpi";
:vpi_module "/usr/lib/x86_64-linux-gnu/ivl/vhdl_sys.vpi";
:vpi_module "/usr/lib/x86_64-linux-gnu/ivl/vhdl_textio.vpi";
:vpi_module "/usr/lib/x86_64-linux-gnu/ivl/v2005_math.vpi";
:vpi_module "/usr/lib/x86_64-linux-gnu/ivl/va_math.vpi";
S_0x5fa981628df0 .scope module, "odd_counter" "odd_counter" 2 1;
 .timescale 0 0;
    .port_info 0 /INPUT 1 "clk";
    .port_info 1 /INPUT 1 "reset";
    .port_info 2 /OUTPUT 4 "count";
o0x7ee6df46a018 .functor BUFZ 1, C4<z>; HiZ drive
v0x5fa98162aba0_0 .net "clk", 0 0, o0x7ee6df46a018;  0 drivers
v0x5fa981671840_0 .var "count", 3 0;
o0x7ee6df46a078 .functor BUFZ 1, C4<z>; HiZ drive
v0x5fa981671920_0 .net "reset", 0 0, o0x7ee6df46a078;  0 drivers
E_0x5fa981629e20 .event posedge, v0x5fa981671920_0, v0x5fa98162aba0_0;
    .scope S_0x5fa981628df0;
T_0 ;
    %wait E_0x5fa981629e20;
    %load/vec4 v0x5fa981671920_0;
    %flag_set/vec4 8;
    %jmp/0xz  T_0.0, 8;
    %pushi/vec4 1, 0, 4;
    %assign/vec4 v0x5fa981671840_0, 0;
    %jmp T_0.1;
T_0.0 ;
    %load/vec4 v0x5fa981671840_0;
    %dup/vec4;
    %pushi/vec4 1, 0, 4;
    %cmp/u;
    %jmp/1 T_0.2, 6;
    %dup/vec4;
    %pushi/vec4 3, 0, 4;
    %cmp/u;
    %jmp/1 T_0.3, 6;
    %dup/vec4;
    %pushi/vec4 5, 0, 4;
    %cmp/u;
    %jmp/1 T_0.4, 6;
    %dup/vec4;
    %pushi/vec4 7, 0, 4;
    %cmp/u;
    %jmp/1 T_0.5, 6;
    %dup/vec4;
    %pushi/vec4 9, 0, 4;
    %cmp/u;
    %jmp/1 T_0.6, 6;
    %pushi/vec4 1, 0, 4;
    %assign/vec4 v0x5fa981671840_0, 0;
    %jmp T_0.8;
T_0.2 ;
    %pushi/vec4 3, 0, 4;
    %assign/vec4 v0x5fa981671840_0, 0;
    %jmp T_0.8;
T_0.3 ;
    %pushi/vec4 5, 0, 4;
    %assign/vec4 v0x5fa981671840_0, 0;
    %jmp T_0.8;
T_0.4 ;
    %pushi/vec4 7, 0, 4;
    %assign/vec4 v0x5fa981671840_0, 0;
    %jmp T_0.8;
T_0.5 ;
    %pushi/vec4 9, 0, 4;
    %assign/vec4 v0x5fa981671840_0, 0;
    %jmp T_0.8;
T_0.6 ;
    %pushi/vec4 1, 0, 4;
    %assign/vec4 v0x5fa981671840_0, 0;
    %jmp T_0.8;
T_0.8 ;
    %pop/vec4 1;
T_0.1 ;
    %jmp T_0;
    .thread T_0;
# The file index is used to find the file name in the following table.
:file_names 3;
    "N/A";
    "<interactive>";
    "odd.counter.module.v";
