#! /usr/bin/vvp
:ivl_version "11.0 (stable)";
:ivl_delay_selection "TYPICAL";
:vpi_time_precision + 0;
:vpi_module "/usr/lib/x86_64-linux-gnu/ivl/system.vpi";
:vpi_module "/usr/lib/x86_64-linux-gnu/ivl/vhdl_sys.vpi";
:vpi_module "/usr/lib/x86_64-linux-gnu/ivl/vhdl_textio.vpi";
:vpi_module "/usr/lib/x86_64-linux-gnu/ivl/v2005_math.vpi";
:vpi_module "/usr/lib/x86_64-linux-gnu/ivl/va_math.vpi";
S_0x57a4f69cadf0 .scope module, "fun" "fun" 2 1;
 .timescale 0 0;
    .port_info 0 /INPUT 1 "a";
    .port_info 1 /INPUT 1 "a_not";
    .port_info 2 /INPUT 1 "b";
    .port_info 3 /INPUT 1 "b_not";
    .port_info 4 /INPUT 1 "c";
    .port_info 5 /INPUT 1 "c_not";
    .port_info 6 /INPUT 1 "d";
    .port_info 7 /INPUT 1 "d_not";
    .port_info 8 /OUTPUT 1 "out";
L_0x57a4f6a18a20 .functor BUFT 1, C8<771>, C4<0>, C4<0>, C4<0>;
o0x7d6b77c62018 .functor BUFZ 1, C4<z>; HiZ drive
L_0x57a4f6a18ae0 .functor PMOS 1, L_0x57a4f6a18a20, o0x7d6b77c62018, C4<0>, C4<0>;
o0x7d6b77c62138 .functor BUFZ 1, C4<z>; HiZ drive
L_0x57a4f6a18b80 .functor PMOS 1, L_0x57a4f6a18ae0, o0x7d6b77c62138, C4<0>, C4<0>;
o0x7d6b77c620a8 .functor BUFZ 1, C4<z>; HiZ drive
L_0x57a4f6a18ca0 .functor PMOS 1, L_0x57a4f6a18a20, o0x7d6b77c620a8, C4<0>, C4<0>;
L_0x57a4f6a18d70 .functor PMOS 1, L_0x57a4f6a18ca0, o0x7d6b77c62138, C4<0>, C4<0>;
L_0x57a4f6a18f10 .functor PMOS 1, L_0x57a4f6a18a20, o0x7d6b77c62018, C4<0>, C4<0>;
o0x7d6b77c62108 .functor BUFZ 1, C4<z>; HiZ drive
L_0x57a4f6a18f80 .functor PMOS 1, L_0x57a4f6a18f10, o0x7d6b77c62108, C4<0>, C4<0>;
o0x7d6b77c62078 .functor BUFZ 1, C4<z>; HiZ drive
L_0x57a4f6a19090 .functor PMOS 1, L_0x57a4f6a18a20, o0x7d6b77c62078, C4<0>, C4<0>;
L_0x57a4f6a19100 .functor PMOS 1, L_0x57a4f6a19090, o0x7d6b77c62108, C4<0>, C4<0>;
RS_0x7d6b77c622e8 .resolv tri, L_0x57a4f6a19400, L_0x57a4f6a194c0;
L_0x57a4f6a192b0 .functor NMOS 1, RS_0x7d6b77c622e8, o0x7d6b77c62018, C4<0>, C4<0>;
L_0x57a4f6a19320 .functor NMOS 1, RS_0x7d6b77c622e8, o0x7d6b77c62138, C4<0>, C4<0>;
RS_0x7d6b77c62318 .resolv tri, L_0x57a4f6a19390, L_0x57a4f6a19760;
L_0x57a4f6a19400 .functor NMOS 1, RS_0x7d6b77c62318, o0x7d6b77c620a8, C4<0>, C4<0>;
L_0x57a4f6a194c0 .functor NMOS 1, RS_0x7d6b77c62318, o0x7d6b77c62138, C4<0>, C4<0>;
RS_0x7d6b77c62348 .resolv tri, L_0x57a4f6a198f0, L_0x57a4f6a19960;
L_0x57a4f6a19390 .functor NMOS 1, RS_0x7d6b77c62348, o0x7d6b77c62018, C4<0>, C4<0>;
L_0x57a4f6a19760 .functor NMOS 1, RS_0x7d6b77c62348, o0x7d6b77c62108, C4<0>, C4<0>;
L_0x57a4f6a18990 .functor BUFT 1, C8<770>, C4<0>, C4<0>, C4<0>;
L_0x57a4f6a198f0 .functor NMOS 1, L_0x57a4f6a18990, o0x7d6b77c62078, C4<0>, C4<0>;
L_0x57a4f6a19960 .functor NMOS 1, L_0x57a4f6a18990, o0x7d6b77c62108, C4<0>, C4<0>;
v0x57a4f69cb060_0 .net "a", 0 0, o0x7d6b77c62018;  0 drivers
o0x7d6b77c62048 .functor BUFZ 1, C4<z>; HiZ drive
v0x57a4f6a17a70_0 .net "a_not", 0 0, o0x7d6b77c62048;  0 drivers
v0x57a4f6a17b30_0 .net "b", 0 0, o0x7d6b77c62078;  0 drivers
v0x57a4f6a17bd0_0 .net "b_not", 0 0, o0x7d6b77c620a8;  0 drivers
o0x7d6b77c620d8 .functor BUFZ 1, C4<z>; HiZ drive
v0x57a4f6a17c90_0 .net "c", 0 0, o0x7d6b77c620d8;  0 drivers
v0x57a4f6a17da0_0 .net "c_not", 0 0, o0x7d6b77c62108;  0 drivers
v0x57a4f6a17e60_0 .net "d", 0 0, o0x7d6b77c62138;  0 drivers
o0x7d6b77c62168 .functor BUFZ 1, C4<z>; HiZ drive
v0x57a4f6a17f20_0 .net "d_not", 0 0, o0x7d6b77c62168;  0 drivers
v0x57a4f6a17fe0_0 .net8 "gnd", 0 0, L_0x57a4f6a18990;  1 drivers, strength-aware
RS_0x7d6b77c621c8 .resolv tri, L_0x57a4f6a18b80, L_0x57a4f6a18d70, L_0x57a4f6a18f80, L_0x57a4f6a19100, L_0x57a4f6a192b0, L_0x57a4f6a19320;
v0x57a4f6a180a0_0 .net8 "out", 0 0, RS_0x7d6b77c621c8;  6 drivers, strength-aware
v0x57a4f6a18160_0 .net8 "vdd", 0 0, L_0x57a4f6a18a20;  1 drivers, strength-aware
v0x57a4f6a18220_0 .net8 "w1", 0 0, L_0x57a4f6a18ae0;  1 drivers, strength-aware
v0x57a4f6a182e0_0 .net8 "w2", 0 0, L_0x57a4f6a18ca0;  1 drivers, strength-aware
v0x57a4f6a183a0_0 .net8 "w3", 0 0, L_0x57a4f6a18f10;  1 drivers, strength-aware
v0x57a4f6a18460_0 .net8 "w4", 0 0, L_0x57a4f6a19090;  1 drivers, strength-aware
v0x57a4f6a18520_0 .net8 "w5", 0 0, RS_0x7d6b77c622e8;  2 drivers, strength-aware
v0x57a4f6a185e0_0 .net8 "w6", 0 0, RS_0x7d6b77c62318;  2 drivers, strength-aware
v0x57a4f6a187b0_0 .net8 "w7", 0 0, RS_0x7d6b77c62348;  2 drivers, strength-aware
# The file index is used to find the file name in the following table.
:file_names 3;
    "N/A";
    "<interactive>";
    "Foroutan.Nazanin.402243084.problem1.module.v";
